#
# A fatal error has been detected by the Java Runtime Environment:
#
#  EXCEPTION_ACCESS_VIOLATION (0xc0000005) at pc=0x0000020407bd2902, pid=2448, tid=8780
#
# JRE version: OpenJDK Runtime Environment Corretto-11.0.12.7.1 (11.0.12+7) (build 11.0.12+7-LTS)
# Java VM: OpenJDK 64-Bit Server VM Corretto-11.0.12.7.1 (11.0.12+7-LTS, mixed mode, tiered, compressed oops, g1 gc, windows-amd64)
# Problematic frame:
# J 2108 c2 jdk.internal.loader.URLClassPath.getResource(Ljava/lang/String;Z)Ljdk/internal/loader/Resource; java.base@11.0.12 (74 bytes) @ 0x0000020407bd2902 [0x0000020407bd2860+0x00000000000000a2]
#
# No core dump will be written. Minidumps are not enabled by default on client versions of Windows
#
# If you would like to submit a bug report, please visit:
#   https://github.com/corretto/corretto-11/issues/
#

---------------  S U M M A R Y ------------

Command Line: -XX:MaxMetaspaceSize=256m -XX:+HeapDumpOnOutOfMemoryError --add-opens=java.base/java.util=ALL-UNNAMED --add-opens=java.base/java.lang=ALL-UNNAMED --add-opens=java.base/java.lang.invoke=ALL-UNNAMED --add-opens=java.prefs/java.util.prefs=ALL-UNNAMED -Xmx512m -Dfile.encoding=windows-1252 -Duser.country=US -Duser.language=en -Duser.variant org.gradle.launcher.daemon.bootstrap.GradleDaemon 5.2.1

Host: AMD Ryzen 5 1600 Six-Core Processor            , 12 cores, 15G,  Windows 10 , 64 bit Build 19041 (10.0.19041.1151)
Time: Fri Sep  3 14:29:03 2021 Central Daylight Time elapsed time: 6.736296 seconds (0d 0h 0m 6s)

---------------  T H R E A D  ---------------

Current thread (0x0000020477bfe000):  JavaThread "Daemon worker" [_thread_in_Java, id=8780, stack(0x000000f5e7d00000,0x000000f5e7e00000)]

Stack: [0x000000f5e7d00000,0x000000f5e7e00000],  sp=0x000000f5e7df6840,  free space=986k
Native frames: (J=compiled Java code, j=interpreted, Vv=VM code, C=native code)
C  0x0000020407bd2902


siginfo: EXCEPTION_ACCESS_VIOLATION (0xc0000005), writing address 0x0000000000000000


Register to memory mapping:

RIP=0x0000020407bd2902 is at entry_point+162 in (nmethod*)0x0000020407bd2590
RAX=0x0 is NULL
RBX=0x00000000eef6dc93 is pointing into object: [B 
{0x00000000eef6d980} - klass: {type array byte}
 - length: 1024
RCX=0x0000000000000037 is an unknown value
RDX=0x00000000eaa54730 is an oop: jdk.internal.loader.URLClassPath 
{0x00000000eaa54730} - klass: 'jdk/internal/loader/URLClassPath'
RSP=0x000000f5e7df6840 is pointing into the stack for thread: 0x0000020477bfe000
RBP=0x000000000000000a is an unknown value
RSI=0x0000000000000001 is an unknown value
RDI=0x0000000000000038 is an unknown value
R8 =0x000000000000000a is an unknown value
R9 =0x0 is NULL
R10=0x0000000000000005 is an unknown value
R11=0x00000000ed95eb28 is an oop: java.lang.String 
{0x00000000ed95eb28} - klass: 'java/lang/String'
R12=0x0 is NULL
R13=0x00000000ed95f138 is an oop: [B 
{0x00000000ed95f138} - klass: {type array byte}
 - length: 56
R14=0x0000000000000038 is an unknown value
R15=0x0000020477bfe000 is a thread


Registers:
RAX=0x0000000000000000, RBX=0x00000000eef6dc93, RCX=0x0000000000000037, RDX=0x00000000eaa54730
RSP=0x000000f5e7df6840, RBP=0x000000000000000a, RSI=0x0000000000000001, RDI=0x0000000000000038
R8 =0x000000000000000a, R9 =0x0000000000000000, R10=0x0000000000000005, R11=0x00000000ed95eb28
R12=0x0000000000000000, R13=0x00000000ed95f138, R14=0x0000000000000038, R15=0x0000020477bfe000
RIP=0x0000020407bd2902, EFLAGS=0x0000000000010206

Top of Stack: (sp=0x000000f5e7df6840)
0x000000f5e7df6840:   0000000000000001 00007ffeb2a16dab
0x000000f5e7df6850:   0000020477bfe000 000000f5e7df68b0
0x000000f5e7df6860:   0000000000000009 00000000eaa54730
0x000000f5e7df6870:   00000000ed95eb28 0000000100072eb8
0x000000f5e7df6880:   00000000eaa7d1d8 0000002eeaa7d1d8
0x000000f5e7df6890:   00000000eaa7d2f0 0000000000000000
0x000000f5e7df68a0:   000000f500000031 00000000ed95ea80
0x000000f5e7df68b0:   000000f5e7df68e0 0000020477bf0000
0x000000f5e7df68c0:   0000000000000000 0000020477bf0000
0x000000f5e7df68d0:   000000f5e7df6b60 00000204006910ac
0x000000f5e7df68e0:   00000000ed95e958 00007ffeb2672f2d
0x000000f5e7df68f0:   00000000ed95e8c8 00007ffeb2672f2d
0x000000f5e7df6900:   00007ffeb2cfb800 00000000ed95ea68
0x000000f5e7df6910:   0000020477bfe000 0000000100000e08
0x000000f5e7df6920:   000000f5e7df6b60 00000204009ca5b4
0x000000f5e7df6930:   0000000000000012 00007ffeb2be4f86 

Instructions: (pc=0x0000020407bd2902)
0x0000020407bd2802:   00 c0 0a 64 01 f8 e1 fc 05 50 00 c0 0a 64 01 f8
0x0000020407bd2812:   a5 fc 05 50 00 c0 0a 64 01 f8 d9 fb 05 50 00 c0
0x0000020407bd2822:   0a 64 01 f8 c1 fb 05 50 00 c0 0a 64 01 f8 ad fb
0x0000020407bd2832:   05 50 00 c0 0a 64 01 f8 99 fa 05 50 00 c0 0a 64
0x0000020407bd2842:   01 f8 15 fa 05 50 00 c0 0a 64 01 f8 29 f6 05 50
0x0000020407bd2852:   00 c0 0a 64 05 64 0f 64 00 00 00 00 00 00 44 8b
0x0000020407bd2862:   52 08 49 c1 e2 03 49 3b c2 0f 85 0f 8b 47 f8 66
0x0000020407bd2872:   66 90 66 0f 1f 44 00 00 66 0f 1f 44 00 00 89 84
0x0000020407bd2882:   24 00 90 ff ff 55 48 81 ec 90 00 00 00 44 89 4c
0x0000020407bd2892:   24 24 4c 89 44 24 30 48 89 54 24 28 45 33 c0 66
0x0000020407bd28a2:   90 e8 98 85 00 00 4c 8b c0 48 85 c0 0f 84 90 04
0x0000020407bd28b2:   00 00 41 ba d7 e5 00 20 48 bb 00 00 00 00 00 00
0x0000020407bd28c2:   00 00 4a 8d 1c d3 33 c9 eb 4b 0f 1f 40 00 33 c0
0x0000020407bd28d2:   4c 8b 5c 24 30 44 8b 4c 24 24 48 85 c0 0f 85 61
0x0000020407bd28e2:   04 00 00 44 89 4c 24 24 4c 89 5c 24 30 8b 6c 24
0x0000020407bd28f2:   20 ff c5 48 8b 54 24 28 44 8b c5 66 90 e8 3c 85
0x0000020407bd2902:   00 00 4c 8b c0 48 85 c0 0f 84 34 04 00 00 48 8b
0x0000020407bd2912:   5c 24 38 8b cd 45 8b 50 08 41 81 fa 9a b5 00 20
0x0000020407bd2922:   0f 85 64 05 00 00 41 8b 68 18 4d 8b d0 85 ed 0f
0x0000020407bd2932:   84 22 04 00 00 44 8b 5d 08 41 81 fb 00 b8 00 20
0x0000020407bd2942:   0f 85 f9 05 00 00 4d 8b 8f 18 01 00 00 4d 8b d9
0x0000020407bd2952:   49 83 c3 10 48 8b fd 4d 3b 9f 28 01 00 00 0f 83
0x0000020407bd2962:   f4 04 00 00 4d 89 9f 18 01 00 00 41 0f 18 83 00
0x0000020407bd2972:   01 00 00 4c 8b 9b b8 00 00 00 4d 89 19 41 c7 41
0x0000020407bd2982:   08 d7 e5 00 20 45 89 61 0c 48 89 5c 24 38 89 4c
0x0000020407bd2992:   24 20 4c 89 44 24 40 44 89 54 24 48 48 89 7c 24
0x0000020407bd29a2:   50 4c 8b 54 24 50 4d 8b da 45 89 59 0c 48 8b 54
0x0000020407bd29b2:   24 50 4c 8b 44 24 30 66 90 e8 80 59 f3 ff 48 85
0x0000020407bd29c2:   c0 0f 84 63 04 00 00 44 8b 50 08 41 81 fa dc e6
0x0000020407bd29d2:   00 20 0f 85 ee 06 00 00 4c 8b 44 24 50 45 0f b6
0x0000020407bd29e2:   50 2a 45 85 d2 0f 85 4b 04 00 00 48 89 44 24 58
0x0000020407bd29f2:   48 8b 54 24 50 e8 a4 88 f7 ff 4c 8b 44 24 50 44 


Stack slot to memory mapping:
stack at sp + 0 slots: 0x0000000000000001 is an unknown value
stack at sp + 1 slots: 0x00007ffeb2a16dab jvm.dll
stack at sp + 2 slots: 0x0000020477bfe000 is a thread
stack at sp + 3 slots: 0x000000f5e7df68b0 is pointing into the stack for thread: 0x0000020477bfe000
stack at sp + 4 slots: 0x0000000000000009 is an unknown value
stack at sp + 5 slots: 0x00000000eaa54730 is an oop: jdk.internal.loader.URLClassPath 
{0x00000000eaa54730} - klass: 'jdk/internal/loader/URLClassPath'
stack at sp + 6 slots: 0x00000000ed95eb28 is an oop: java.lang.String 
{0x00000000ed95eb28} - klass: 'java/lang/String'
stack at sp + 7 slots: 0x0000000100072eb8 is a pointer to class: 
java.util.jar.JarFile$1 {0x0000000100072ec0}



---------------  P R O C E S S  ---------------

Threads class SMR info:
_java_thread_list=0x0000020479ce61f0, length=24, elements={
0x0000020469eb8000, 0x0000020477262800, 0x000002047726c000, 0x0000020477bd9800,
0x0000020477bdb800, 0x0000020477bde000, 0x0000020477be6800, 0x0000020477be7800,
0x0000020477c00800, 0x0000020477bfe800, 0x0000020478bb1800, 0x0000020477bff800,
0x0000020477bfc800, 0x0000020477bfa800, 0x0000020477c01000, 0x0000020477bfb800,
0x0000020477bfe000, 0x0000020477bfd000, 0x0000020478caf800, 0x0000020478cae800,
0x0000020478cb2000, 0x0000020478cb0000, 0x0000020478cb1000, 0x0000020478cae000
}

Java Threads: ( => current thread )
  0x0000020469eb8000 JavaThread "main" [_thread_blocked, id=11224, stack(0x000000f5e6100000,0x000000f5e6200000)]
  0x0000020477262800 JavaThread "Reference Handler" daemon [_thread_blocked, id=8308, stack(0x000000f5e6800000,0x000000f5e6900000)]
  0x000002047726c000 JavaThread "Finalizer" daemon [_thread_blocked, id=8672, stack(0x000000f5e6900000,0x000000f5e6a00000)]
  0x0000020477bd9800 JavaThread "Signal Dispatcher" daemon [_thread_blocked, id=8980, stack(0x000000f5e6a00000,0x000000f5e6b00000)]
  0x0000020477bdb800 JavaThread "Attach Listener" daemon [_thread_blocked, id=5292, stack(0x000000f5e6b00000,0x000000f5e6c00000)]
  0x0000020477bde000 JavaThread "Service Thread" daemon [_thread_blocked, id=5828, stack(0x000000f5e6c00000,0x000000f5e6d00000)]
  0x0000020477be6800 JavaThread "C2 CompilerThread0" daemon [_thread_blocked, id=10908, stack(0x000000f5e6d00000,0x000000f5e6e00000)]
  0x0000020477be7800 JavaThread "C1 CompilerThread0" daemon [_thread_blocked, id=5224, stack(0x000000f5e6e00000,0x000000f5e6f00000)]
  0x0000020477c00800 JavaThread "Sweeper thread" daemon [_thread_blocked, id=6952, stack(0x000000f5e6f00000,0x000000f5e7000000)]
  0x0000020477bfe800 JavaThread "Common-Cleaner" daemon [_thread_blocked, id=12360, stack(0x000000f5e7000000,0x000000f5e7100000)]
  0x0000020478bb1800 JavaThread "C2 CompilerThread1" daemon [_thread_blocked, id=12044, stack(0x000000f5e7200000,0x000000f5e7300000)]
  0x0000020477bff800 JavaThread "Incoming local TCP Connector on port 57101" [_thread_in_native, id=12332, stack(0x000000f5e7300000,0x000000f5e7400000)]
  0x0000020477bfc800 JavaThread "Daemon periodic checks" [_thread_blocked, id=10636, stack(0x000000f5e7900000,0x000000f5e7a00000)]
  0x0000020477bfa800 JavaThread "Daemon" [_thread_blocked, id=2096, stack(0x000000f5e7a00000,0x000000f5e7b00000)]
  0x0000020477c01000 JavaThread "Handler for socket connection from /127.0.0.1:57101 to /127.0.0.1:57102" [_thread_in_native, id=3028, stack(0x000000f5e7b00000,0x000000f5e7c00000)]
  0x0000020477bfb800 JavaThread "Cancel handler" [_thread_blocked, id=8644, stack(0x000000f5e7c00000,0x000000f5e7d00000)]
=>0x0000020477bfe000 JavaThread "Daemon worker" [_thread_in_Java, id=8780, stack(0x000000f5e7d00000,0x000000f5e7e00000)]
  0x0000020477bfd000 JavaThread "Asynchronous log dispatcher for DefaultDaemonConnection: socket connection from /127.0.0.1:57101 to /127.0.0.1:57102" [_thread_blocked, id=13112, stack(0x000000f5e7e00000,0x000000f5e7f00000)]
  0x0000020478caf800 JavaThread "Stdin handler" [_thread_blocked, id=2508, stack(0x000000f5e7f00000,0x000000f5e8000000)]
  0x0000020478cae800 JavaThread "Thread-7" [_thread_blocked, id=2480, stack(0x000000f5e8000000,0x000000f5e8100000)]
  0x0000020478cb2000 JavaThread "Cache worker for file hash cache (C:\Users\trent\.gradle\caches\5.2.1\fileHashes)" [_thread_blocked, id=1100, stack(0x000000f5e8100000,0x000000f5e8200000)]
  0x0000020478cb0000 JavaThread "File lock request listener" [_thread_in_native, id=2496, stack(0x000000f5e8200000,0x000000f5e8300000)]
  0x0000020478cb1000 JavaThread "Cache worker for journal cache (C:\Users\trent\.gradle\caches\journal-1)" [_thread_blocked, id=11988, stack(0x000000f5e8300000,0x000000f5e8400000)]
  0x0000020478cae000 JavaThread "Cache worker for file hash cache (D:\Source\lc-unit2\assignment-1-techjobs-console-edition-Treesau\.gradle\5.2.1\fileHashes)" [_thread_blocked, id=9848, stack(0x000000f5e8a00000,0x000000f5e8b00000)]

Other Threads:
  0x0000020477261000 VMThread "VM Thread" [stack: 0x000000f5e6700000,0x000000f5e6800000] [id=8296]
  0x0000020477d64800 WatcherThread [stack: 0x000000f5e7100000,0x000000f5e7200000] [id=6384]
  0x0000020469ed2800 GCTaskThread "GC Thread#0" [stack: 0x000000f5e6200000,0x000000f5e6300000] [id=10384]
  0x0000020478b64000 GCTaskThread "GC Thread#1" [stack: 0x000000f5e7400000,0x000000f5e7500000] [id=7780]
  0x00000204785a2800 GCTaskThread "GC Thread#2" [stack: 0x000000f5e7500000,0x000000f5e7600000] [id=4712]
  0x00000204785a3800 GCTaskThread "GC Thread#3" [stack: 0x000000f5e7600000,0x000000f5e7700000] [id=6008]
  0x0000020478c49000 GCTaskThread "GC Thread#4" [stack: 0x000000f5e7700000,0x000000f5e7800000] [id=10880]
  0x0000020478c4a000 GCTaskThread "GC Thread#5" [stack: 0x000000f5e7800000,0x000000f5e7900000] [id=11692]
  0x000002047982d000 GCTaskThread "GC Thread#6" [stack: 0x000000f5e8400000,0x000000f5e8500000] [id=12948]
  0x000002047995e800 GCTaskThread "GC Thread#7" [stack: 0x000000f5e8500000,0x000000f5e8600000] [id=10416]
  0x0000020479ac7800 GCTaskThread "GC Thread#8" [stack: 0x000000f5e8600000,0x000000f5e8700000] [id=11020]
  0x0000020479bb5000 GCTaskThread "GC Thread#9" [stack: 0x000000f5e8700000,0x000000f5e8800000] [id=528]
  0x0000020469ee5800 ConcurrentGCThread "G1 Main Marker" [stack: 0x000000f5e6300000,0x000000f5e6400000] [id=8256]
  0x0000020469ee7000 ConcurrentGCThread "G1 Conc#0" [stack: 0x000000f5e6400000,0x000000f5e6500000] [id=4440]
  0x000002047a00c000 ConcurrentGCThread "G1 Conc#1" [stack: 0x000000f5e8800000,0x000000f5e8900000] [id=2544]
  0x000002047995d800 ConcurrentGCThread "G1 Conc#2" [stack: 0x000000f5e8900000,0x000000f5e8a00000] [id=11712]
  0x0000020469f9e000 ConcurrentGCThread "G1 Refine#0" [stack: 0x000000f5e6500000,0x000000f5e6600000] [id=8252]
  0x00000204770d4800 ConcurrentGCThread "G1 Young RemSet Sampling" [stack: 0x000000f5e6600000,0x000000f5e6700000] [id=8648]

Threads with active compile tasks:

VM state:not at safepoint (normal execution)

VM Mutex/Monitor currently owned by a thread: None

Heap address: 0x00000000e0000000, size: 512 MB, Compressed Oops mode: 32-bit
Narrow klass base: 0x0000000000000000, Narrow klass shift: 3
Compressed class space size: 260046848 Address: 0x0000000100000000

Heap:
 garbage-first heap   total 262144K, used 67201K [0x00000000e0000000, 0x0000000100000000)
  region size 1024K, 50 young (51200K), 11 survivors (11264K)
 Metaspace       used 26396K, capacity 27006K, committed 27264K, reserved 278528K
  class space    used 3397K, capacity 3594K, committed 3712K, reserved 253952K
Heap Regions: E=young(eden), S=young(survivor), O=old, HS=humongous(starts), HC=humongous(continues), CS=collection set, F=free, A=archive, TAMS=top-at-mark-start (previous, next)
|   0|0x00000000e0000000, 0x00000000e0100000, 0x00000000e0100000|100%|HS|  |TAMS 0x00000000e0100000, 0x00000000e0000000| Complete 
|   1|0x00000000e0100000, 0x00000000e0200000, 0x00000000e0200000|100%|HS|  |TAMS 0x00000000e0200000, 0x00000000e0100000| Complete 
|   2|0x00000000e0200000, 0x00000000e0300000, 0x00000000e0300000|100%|HC|  |TAMS 0x00000000e0300000, 0x00000000e0200000| Complete 
|   3|0x00000000e0300000, 0x00000000e0400000, 0x00000000e0400000|100%| O|  |TAMS 0x00000000e0400000, 0x00000000e0300000| Untracked 
|   4|0x00000000e0400000, 0x00000000e043c600, 0x00000000e0500000| 23%| O|  |TAMS 0x00000000e043c600, 0x00000000e0400000| Untracked 
|   5|0x00000000e0500000, 0x00000000e0600000, 0x00000000e0600000|100%|HS|  |TAMS 0x00000000e0500000, 0x00000000e0500000| Complete 
|   6|0x00000000e0600000, 0x00000000e0700000, 0x00000000e0700000|100%|HC|  |TAMS 0x00000000e0600000, 0x00000000e0600000| Complete 
|   7|0x00000000e0700000, 0x00000000e0800000, 0x00000000e0800000|100%|HS|  |TAMS 0x00000000e0700000, 0x00000000e0700000| Complete 
|   8|0x00000000e0800000, 0x00000000e0900000, 0x00000000e0900000|100%|HC|  |TAMS 0x00000000e0800000, 0x00000000e0800000| Complete 
|   9|0x00000000e0900000, 0x00000000e0a00000, 0x00000000e0a00000|100%|HC|  |TAMS 0x00000000e0900000, 0x00000000e0900000| Complete 
|  10|0x00000000e0a00000, 0x00000000e0b00000, 0x00000000e0b00000|100%|HS|  |TAMS 0x00000000e0a00000, 0x00000000e0a00000| Complete 
|  11|0x00000000e0b00000, 0x00000000e0c00000, 0x00000000e0c00000|100%|HS|  |TAMS 0x00000000e0b00000, 0x00000000e0b00000| Complete 
|  12|0x00000000e0c00000, 0x00000000e0d00000, 0x00000000e0d00000|100%|HC|  |TAMS 0x00000000e0c00000, 0x00000000e0c00000| Complete 
|  13|0x00000000e0d00000, 0x00000000e0e00000, 0x00000000e0e00000|100%|HC|  |TAMS 0x00000000e0d00000, 0x00000000e0d00000| Complete 
|  14|0x00000000e0e00000, 0x00000000e0f00000, 0x00000000e0f00000|100%|HC|  |TAMS 0x00000000e0e00000, 0x00000000e0e00000| Complete 
|  15|0x00000000e0f00000, 0x00000000e1000000, 0x00000000e1000000|100%|HS|  |TAMS 0x00000000e0f00000, 0x00000000e0f00000| Complete 
|  16|0x00000000e1000000, 0x00000000e1100000, 0x00000000e1100000|100%|HC|  |TAMS 0x00000000e1000000, 0x00000000e1000000| Complete 
|  17|0x00000000e1100000, 0x00000000e1200000, 0x00000000e1200000|100%|HC|  |TAMS 0x00000000e1100000, 0x00000000e1100000| Complete 
|  18|0x00000000e1200000, 0x00000000e1300000, 0x00000000e1300000|100%|HC|  |TAMS 0x00000000e1200000, 0x00000000e1200000| Complete 
|  19|0x00000000e1300000, 0x00000000e1300000, 0x00000000e1400000|  0%| F|  |TAMS 0x00000000e1300000, 0x00000000e1300000| Untracked 
|  20|0x00000000e1400000, 0x00000000e1400000, 0x00000000e1500000|  0%| F|  |TAMS 0x00000000e1400000, 0x00000000e1400000| Untracked 
|  21|0x00000000e1500000, 0x00000000e1500000, 0x00000000e1600000|  0%| F|  |TAMS 0x00000000e1500000, 0x00000000e1500000| Untracked 
|  22|0x00000000e1600000, 0x00000000e1600000, 0x00000000e1700000|  0%| F|  |TAMS 0x00000000e1600000, 0x00000000e1600000| Untracked 
|  23|0x00000000e1700000, 0x00000000e1700000, 0x00000000e1800000|  0%| F|  |TAMS 0x00000000e1700000, 0x00000000e1700000| Untracked 
|  24|0x00000000e1800000, 0x00000000e1800000, 0x00000000e1900000|  0%| F|  |TAMS 0x00000000e1800000, 0x00000000e1800000| Untracked 
|  25|0x00000000e1900000, 0x00000000e1900000, 0x00000000e1a00000|  0%| F|  |TAMS 0x00000000e1900000, 0x00000000e1900000| Untracked 
|  26|0x00000000e1a00000, 0x00000000e1a00000, 0x00000000e1b00000|  0%| F|  |TAMS 0x00000000e1a00000, 0x00000000e1a00000| Untracked 
|  27|0x00000000e1b00000, 0x00000000e1b00000, 0x00000000e1c00000|  0%| F|  |TAMS 0x00000000e1b00000, 0x00000000e1b00000| Untracked 
|  28|0x00000000e1c00000, 0x00000000e1c00000, 0x00000000e1d00000|  0%| F|  |TAMS 0x00000000e1c00000, 0x00000000e1c00000| Untracked 
|  29|0x00000000e1d00000, 0x00000000e1d00000, 0x00000000e1e00000|  0%| F|  |TAMS 0x00000000e1d00000, 0x00000000e1d00000| Untracked 
|  30|0x00000000e1e00000, 0x00000000e1e00000, 0x00000000e1f00000|  0%| F|  |TAMS 0x00000000e1e00000, 0x00000000e1e00000| Untracked 
|  31|0x00000000e1f00000, 0x00000000e1f00000, 0x00000000e2000000|  0%| F|  |TAMS 0x00000000e1f00000, 0x00000000e1f00000| Untracked 
|  32|0x00000000e2000000, 0x00000000e2000000, 0x00000000e2100000|  0%| F|  |TAMS 0x00000000e2000000, 0x00000000e2000000| Untracked 
|  33|0x00000000e2100000, 0x00000000e2100000, 0x00000000e2200000|  0%| F|  |TAMS 0x00000000e2100000, 0x00000000e2100000| Untracked 
|  34|0x00000000e2200000, 0x00000000e2200000, 0x00000000e2300000|  0%| F|  |TAMS 0x00000000e2200000, 0x00000000e2200000| Untracked 
|  35|0x00000000e2300000, 0x00000000e2300000, 0x00000000e2400000|  0%| F|  |TAMS 0x00000000e2300000, 0x00000000e2300000| Untracked 
|  36|0x00000000e2400000, 0x00000000e2400000, 0x00000000e2500000|  0%| F|  |TAMS 0x00000000e2400000, 0x00000000e2400000| Untracked 
|  37|0x00000000e2500000, 0x00000000e2500000, 0x00000000e2600000|  0%| F|  |TAMS 0x00000000e2500000, 0x00000000e2500000| Untracked 
|  38|0x00000000e2600000, 0x00000000e2600000, 0x00000000e2700000|  0%| F|  |TAMS 0x00000000e2600000, 0x00000000e2600000| Untracked 
|  39|0x00000000e2700000, 0x00000000e2700000, 0x00000000e2800000|  0%| F|  |TAMS 0x00000000e2700000, 0x00000000e2700000| Untracked 
|  40|0x00000000e2800000, 0x00000000e2800000, 0x00000000e2900000|  0%| F|  |TAMS 0x00000000e2800000, 0x00000000e2800000| Untracked 
|  41|0x00000000e2900000, 0x00000000e2900000, 0x00000000e2a00000|  0%| F|  |TAMS 0x00000000e2900000, 0x00000000e2900000| Untracked 
|  42|0x00000000e2a00000, 0x00000000e2a00000, 0x00000000e2b00000|  0%| F|  |TAMS 0x00000000e2a00000, 0x00000000e2a00000| Untracked 
|  43|0x00000000e2b00000, 0x00000000e2b00000, 0x00000000e2c00000|  0%| F|  |TAMS 0x00000000e2b00000, 0x00000000e2b00000| Untracked 
|  44|0x00000000e2c00000, 0x00000000e2c00000, 0x00000000e2d00000|  0%| F|  |TAMS 0x00000000e2c00000, 0x00000000e2c00000| Untracked 
|  45|0x00000000e2d00000, 0x00000000e2d00000, 0x00000000e2e00000|  0%| F|  |TAMS 0x00000000e2d00000, 0x00000000e2d00000| Untracked 
|  46|0x00000000e2e00000, 0x00000000e2e00000, 0x00000000e2f00000|  0%| F|  |TAMS 0x00000000e2e00000, 0x00000000e2e00000| Untracked 
|  47|0x00000000e2f00000, 0x00000000e2f00000, 0x00000000e3000000|  0%| F|  |TAMS 0x00000000e2f00000, 0x00000000e2f00000| Untracked 
|  48|0x00000000e3000000, 0x00000000e3000000, 0x00000000e3100000|  0%| F|  |TAMS 0x00000000e3000000, 0x00000000e3000000| Untracked 
|  49|0x00000000e3100000, 0x00000000e3100000, 0x00000000e3200000|  0%| F|  |TAMS 0x00000000e3100000, 0x00000000e3100000| Untracked 
|  50|0x00000000e3200000, 0x00000000e3200000, 0x00000000e3300000|  0%| F|  |TAMS 0x00000000e3200000, 0x00000000e3200000| Untracked 
|  51|0x00000000e3300000, 0x00000000e3300000, 0x00000000e3400000|  0%| F|  |TAMS 0x00000000e3300000, 0x00000000e3300000| Untracked 
|  52|0x00000000e3400000, 0x00000000e3400000, 0x00000000e3500000|  0%| F|  |TAMS 0x00000000e3400000, 0x00000000e3400000| Untracked 
|  53|0x00000000e3500000, 0x00000000e3500000, 0x00000000e3600000|  0%| F|  |TAMS 0x00000000e3500000, 0x00000000e3500000| Untracked 
|  54|0x00000000e3600000, 0x00000000e3600000, 0x00000000e3700000|  0%| F|  |TAMS 0x00000000e3600000, 0x00000000e3600000| Untracked 
|  55|0x00000000e3700000, 0x00000000e3700000, 0x00000000e3800000|  0%| F|  |TAMS 0x00000000e3700000, 0x00000000e3700000| Untracked 
|  56|0x00000000e3800000, 0x00000000e3800000, 0x00000000e3900000|  0%| F|  |TAMS 0x00000000e3800000, 0x00000000e3800000| Untracked 
|  57|0x00000000e3900000, 0x00000000e3900000, 0x00000000e3a00000|  0%| F|  |TAMS 0x00000000e3900000, 0x00000000e3900000| Untracked 
|  58|0x00000000e3a00000, 0x00000000e3a00000, 0x00000000e3b00000|  0%| F|  |TAMS 0x00000000e3a00000, 0x00000000e3a00000| Untracked 
|  59|0x00000000e3b00000, 0x00000000e3b00000, 0x00000000e3c00000|  0%| F|  |TAMS 0x00000000e3b00000, 0x00000000e3b00000| Untracked 
|  60|0x00000000e3c00000, 0x00000000e3c00000, 0x00000000e3d00000|  0%| F|  |TAMS 0x00000000e3c00000, 0x00000000e3c00000| Untracked 
|  61|0x00000000e3d00000, 0x00000000e3d00000, 0x00000000e3e00000|  0%| F|  |TAMS 0x00000000e3d00000, 0x00000000e3d00000| Untracked 
|  62|0x00000000e3e00000, 0x00000000e3e00000, 0x00000000e3f00000|  0%| F|  |TAMS 0x00000000e3e00000, 0x00000000e3e00000| Untracked 
|  63|0x00000000e3f00000, 0x00000000e3f00000, 0x00000000e4000000|  0%| F|  |TAMS 0x00000000e3f00000, 0x00000000e3f00000| Untracked 
|  64|0x00000000e4000000, 0x00000000e4000000, 0x00000000e4100000|  0%| F|  |TAMS 0x00000000e4000000, 0x00000000e4000000| Untracked 
|  65|0x00000000e4100000, 0x00000000e4100000, 0x00000000e4200000|  0%| F|  |TAMS 0x00000000e4100000, 0x00000000e4100000| Untracked 
|  66|0x00000000e4200000, 0x00000000e4200000, 0x00000000e4300000|  0%| F|  |TAMS 0x00000000e4200000, 0x00000000e4200000| Untracked 
|  67|0x00000000e4300000, 0x00000000e4300000, 0x00000000e4400000|  0%| F|  |TAMS 0x00000000e4300000, 0x00000000e4300000| Untracked 
|  68|0x00000000e4400000, 0x00000000e4400000, 0x00000000e4500000|  0%| F|  |TAMS 0x00000000e4400000, 0x00000000e4400000| Untracked 
|  69|0x00000000e4500000, 0x00000000e4500000, 0x00000000e4600000|  0%| F|  |TAMS 0x00000000e4500000, 0x00000000e4500000| Untracked 
|  70|0x00000000e4600000, 0x00000000e4600000, 0x00000000e4700000|  0%| F|  |TAMS 0x00000000e4600000, 0x00000000e4600000| Untracked 
|  71|0x00000000e4700000, 0x00000000e4700000, 0x00000000e4800000|  0%| F|  |TAMS 0x00000000e4700000, 0x00000000e4700000| Untracked 
|  72|0x00000000e4800000, 0x00000000e4800000, 0x00000000e4900000|  0%| F|  |TAMS 0x00000000e4800000, 0x00000000e4800000| Untracked 
|  73|0x00000000e4900000, 0x00000000e4900000, 0x00000000e4a00000|  0%| F|  |TAMS 0x00000000e4900000, 0x00000000e4900000| Untracked 
|  74|0x00000000e4a00000, 0x00000000e4a00000, 0x00000000e4b00000|  0%| F|  |TAMS 0x00000000e4a00000, 0x00000000e4a00000| Untracked 
|  75|0x00000000e4b00000, 0x00000000e4b00000, 0x00000000e4c00000|  0%| F|  |TAMS 0x00000000e4b00000, 0x00000000e4b00000| Untracked 
|  76|0x00000000e4c00000, 0x00000000e4c00000, 0x00000000e4d00000|  0%| F|  |TAMS 0x00000000e4c00000, 0x00000000e4c00000| Untracked 
|  77|0x00000000e4d00000, 0x00000000e4d00000, 0x00000000e4e00000|  0%| F|  |TAMS 0x00000000e4d00000, 0x00000000e4d00000| Untracked 
|  78|0x00000000e4e00000, 0x00000000e4e00000, 0x00000000e4f00000|  0%| F|  |TAMS 0x00000000e4e00000, 0x00000000e4e00000| Untracked 
|  79|0x00000000e4f00000, 0x00000000e4f00000, 0x00000000e5000000|  0%| F|  |TAMS 0x00000000e4f00000, 0x00000000e4f00000| Untracked 
|  80|0x00000000e5000000, 0x00000000e5000000, 0x00000000e5100000|  0%| F|  |TAMS 0x00000000e5000000, 0x00000000e5000000| Untracked 
|  81|0x00000000e5100000, 0x00000000e5100000, 0x00000000e5200000|  0%| F|  |TAMS 0x00000000e5100000, 0x00000000e5100000| Untracked 
|  82|0x00000000e5200000, 0x00000000e5200000, 0x00000000e5300000|  0%| F|  |TAMS 0x00000000e5200000, 0x00000000e5200000| Untracked 
|  83|0x00000000e5300000, 0x00000000e5300000, 0x00000000e5400000|  0%| F|  |TAMS 0x00000000e5300000, 0x00000000e5300000| Untracked 
|  84|0x00000000e5400000, 0x00000000e5400000, 0x00000000e5500000|  0%| F|  |TAMS 0x00000000e5400000, 0x00000000e5400000| Untracked 
|  85|0x00000000e5500000, 0x00000000e5500000, 0x00000000e5600000|  0%| F|  |TAMS 0x00000000e5500000, 0x00000000e5500000| Untracked 
|  86|0x00000000e5600000, 0x00000000e5600000, 0x00000000e5700000|  0%| F|  |TAMS 0x00000000e5600000, 0x00000000e5600000| Untracked 
|  87|0x00000000e5700000, 0x00000000e5700000, 0x00000000e5800000|  0%| F|  |TAMS 0x00000000e5700000, 0x00000000e5700000| Untracked 
|  88|0x00000000e5800000, 0x00000000e5800000, 0x00000000e5900000|  0%| F|  |TAMS 0x00000000e5800000, 0x00000000e5800000| Untracked 
|  89|0x00000000e5900000, 0x00000000e5900000, 0x00000000e5a00000|  0%| F|  |TAMS 0x00000000e5900000, 0x00000000e5900000| Untracked 
|  90|0x00000000e5a00000, 0x00000000e5a00000, 0x00000000e5b00000|  0%| F|  |TAMS 0x00000000e5a00000, 0x00000000e5a00000| Untracked 
|  91|0x00000000e5b00000, 0x00000000e5b00000, 0x00000000e5c00000|  0%| F|  |TAMS 0x00000000e5b00000, 0x00000000e5b00000| Untracked 
|  92|0x00000000e5c00000, 0x00000000e5c00000, 0x00000000e5d00000|  0%| F|  |TAMS 0x00000000e5c00000, 0x00000000e5c00000| Untracked 
|  93|0x00000000e5d00000, 0x00000000e5d00000, 0x00000000e5e00000|  0%| F|  |TAMS 0x00000000e5d00000, 0x00000000e5d00000| Untracked 
|  94|0x00000000e5e00000, 0x00000000e5e00000, 0x00000000e5f00000|  0%| F|  |TAMS 0x00000000e5e00000, 0x00000000e5e00000| Untracked 
|  95|0x00000000e5f00000, 0x00000000e5f00000, 0x00000000e6000000|  0%| F|  |TAMS 0x00000000e5f00000, 0x00000000e5f00000| Untracked 
|  96|0x00000000e6000000, 0x00000000e6000000, 0x00000000e6100000|  0%| F|  |TAMS 0x00000000e6000000, 0x00000000e6000000| Untracked 
|  97|0x00000000e6100000, 0x00000000e6100000, 0x00000000e6200000|  0%| F|  |TAMS 0x00000000e6100000, 0x00000000e6100000| Untracked 
|  98|0x00000000e6200000, 0x00000000e6200000, 0x00000000e6300000|  0%| F|  |TAMS 0x00000000e6200000, 0x00000000e6200000| Untracked 
|  99|0x00000000e6300000, 0x00000000e6300000, 0x00000000e6400000|  0%| F|  |TAMS 0x00000000e6300000, 0x00000000e6300000| Untracked 
| 100|0x00000000e6400000, 0x00000000e6400000, 0x00000000e6500000|  0%| F|  |TAMS 0x00000000e6400000, 0x00000000e6400000| Untracked 
| 101|0x00000000e6500000, 0x00000000e6500000, 0x00000000e6600000|  0%| F|  |TAMS 0x00000000e6500000, 0x00000000e6500000| Untracked 
| 102|0x00000000e6600000, 0x00000000e6600000, 0x00000000e6700000|  0%| F|  |TAMS 0x00000000e6600000, 0x00000000e6600000| Untracked 
| 103|0x00000000e6700000, 0x00000000e6700000, 0x00000000e6800000|  0%| F|  |TAMS 0x00000000e6700000, 0x00000000e6700000| Untracked 
| 104|0x00000000e6800000, 0x00000000e6800000, 0x00000000e6900000|  0%| F|  |TAMS 0x00000000e6800000, 0x00000000e6800000| Untracked 
| 105|0x00000000e6900000, 0x00000000e6900000, 0x00000000e6a00000|  0%| F|  |TAMS 0x00000000e6900000, 0x00000000e6900000| Untracked 
| 106|0x00000000e6a00000, 0x00000000e6a00000, 0x00000000e6b00000|  0%| F|  |TAMS 0x00000000e6a00000, 0x00000000e6a00000| Untracked 
| 107|0x00000000e6b00000, 0x00000000e6b00000, 0x00000000e6c00000|  0%| F|  |TAMS 0x00000000e6b00000, 0x00000000e6b00000| Untracked 
| 108|0x00000000e6c00000, 0x00000000e6c00000, 0x00000000e6d00000|  0%| F|  |TAMS 0x00000000e6c00000, 0x00000000e6c00000| Untracked 
| 109|0x00000000e6d00000, 0x00000000e6d00000, 0x00000000e6e00000|  0%| F|  |TAMS 0x00000000e6d00000, 0x00000000e6d00000| Untracked 
| 110|0x00000000e6e00000, 0x00000000e6e00000, 0x00000000e6f00000|  0%| F|  |TAMS 0x00000000e6e00000, 0x00000000e6e00000| Untracked 
| 111|0x00000000e6f00000, 0x00000000e6f00000, 0x00000000e7000000|  0%| F|  |TAMS 0x00000000e6f00000, 0x00000000e6f00000| Untracked 
| 112|0x00000000e7000000, 0x00000000e7000000, 0x00000000e7100000|  0%| F|  |TAMS 0x00000000e7000000, 0x00000000e7000000| Untracked 
| 113|0x00000000e7100000, 0x00000000e7100000, 0x00000000e7200000|  0%| F|  |TAMS 0x00000000e7100000, 0x00000000e7100000| Untracked 
| 114|0x00000000e7200000, 0x00000000e7200000, 0x00000000e7300000|  0%| F|  |TAMS 0x00000000e7200000, 0x00000000e7200000| Untracked 
| 115|0x00000000e7300000, 0x00000000e7300000, 0x00000000e7400000|  0%| F|  |TAMS 0x00000000e7300000, 0x00000000e7300000| Untracked 
| 116|0x00000000e7400000, 0x00000000e7400000, 0x00000000e7500000|  0%| F|  |TAMS 0x00000000e7400000, 0x00000000e7400000| Untracked 
| 117|0x00000000e7500000, 0x00000000e7500000, 0x00000000e7600000|  0%| F|  |TAMS 0x00000000e7500000, 0x00000000e7500000| Untracked 
| 118|0x00000000e7600000, 0x00000000e7600000, 0x00000000e7700000|  0%| F|  |TAMS 0x00000000e7600000, 0x00000000e7600000| Untracked 
| 119|0x00000000e7700000, 0x00000000e7700000, 0x00000000e7800000|  0%| F|  |TAMS 0x00000000e7700000, 0x00000000e7700000| Untracked 
| 120|0x00000000e7800000, 0x00000000e7800000, 0x00000000e7900000|  0%| F|  |TAMS 0x00000000e7800000, 0x00000000e7800000| Untracked 
| 121|0x00000000e7900000, 0x00000000e7900000, 0x00000000e7a00000|  0%| F|  |TAMS 0x00000000e7900000, 0x00000000e7900000| Untracked 
| 122|0x00000000e7a00000, 0x00000000e7a00000, 0x00000000e7b00000|  0%| F|  |TAMS 0x00000000e7a00000, 0x00000000e7a00000| Untracked 
| 123|0x00000000e7b00000, 0x00000000e7b00000, 0x00000000e7c00000|  0%| F|  |TAMS 0x00000000e7b00000, 0x00000000e7b00000| Untracked 
| 124|0x00000000e7c00000, 0x00000000e7c00000, 0x00000000e7d00000|  0%| F|  |TAMS 0x00000000e7c00000, 0x00000000e7c00000| Untracked 
| 125|0x00000000e7d00000, 0x00000000e7d00000, 0x00000000e7e00000|  0%| F|  |TAMS 0x00000000e7d00000, 0x00000000e7d00000| Untracked 
| 126|0x00000000e7e00000, 0x00000000e7e00000, 0x00000000e7f00000|  0%| F|  |TAMS 0x00000000e7e00000, 0x00000000e7e00000| Untracked 
| 127|0x00000000e7f00000, 0x00000000e7f00000, 0x00000000e8000000|  0%| F|  |TAMS 0x00000000e7f00000, 0x00000000e7f00000| Untracked 
| 128|0x00000000e8000000, 0x00000000e8000000, 0x00000000e8100000|  0%| F|  |TAMS 0x00000000e8000000, 0x00000000e8000000| Untracked 
| 129|0x00000000e8100000, 0x00000000e8100000, 0x00000000e8200000|  0%| F|  |TAMS 0x00000000e8100000, 0x00000000e8100000| Untracked 
| 130|0x00000000e8200000, 0x00000000e8200000, 0x00000000e8300000|  0%| F|  |TAMS 0x00000000e8200000, 0x00000000e8200000| Untracked 
| 131|0x00000000e8300000, 0x00000000e8300000, 0x00000000e8400000|  0%| F|  |TAMS 0x00000000e8300000, 0x00000000e8300000| Untracked 
| 132|0x00000000e8400000, 0x00000000e8400000, 0x00000000e8500000|  0%| F|  |TAMS 0x00000000e8400000, 0x00000000e8400000| Untracked 
| 133|0x00000000e8500000, 0x00000000e8500000, 0x00000000e8600000|  0%| F|  |TAMS 0x00000000e8500000, 0x00000000e8500000| Untracked 
| 134|0x00000000e8600000, 0x00000000e8600000, 0x00000000e8700000|  0%| F|  |TAMS 0x00000000e8600000, 0x00000000e8600000| Untracked 
| 135|0x00000000e8700000, 0x00000000e8700000, 0x00000000e8800000|  0%| F|  |TAMS 0x00000000e8700000, 0x00000000e8700000| Untracked 
| 136|0x00000000e8800000, 0x00000000e8800000, 0x00000000e8900000|  0%| F|  |TAMS 0x00000000e8800000, 0x00000000e8800000| Untracked 
| 137|0x00000000e8900000, 0x00000000e8900000, 0x00000000e8a00000|  0%| F|  |TAMS 0x00000000e8900000, 0x00000000e8900000| Untracked 
| 138|0x00000000e8a00000, 0x00000000e8a00000, 0x00000000e8b00000|  0%| F|  |TAMS 0x00000000e8a00000, 0x00000000e8a00000| Untracked 
| 139|0x00000000e8b00000, 0x00000000e8b00000, 0x00000000e8c00000|  0%| F|  |TAMS 0x00000000e8b00000, 0x00000000e8b00000| Untracked 
| 140|0x00000000e8c00000, 0x00000000e8c00000, 0x00000000e8d00000|  0%| F|  |TAMS 0x00000000e8c00000, 0x00000000e8c00000| Untracked 
| 141|0x00000000e8d00000, 0x00000000e8d00000, 0x00000000e8e00000|  0%| F|  |TAMS 0x00000000e8d00000, 0x00000000e8d00000| Untracked 
| 142|0x00000000e8e00000, 0x00000000e8e00000, 0x00000000e8f00000|  0%| F|  |TAMS 0x00000000e8e00000, 0x00000000e8e00000| Untracked 
| 143|0x00000000e8f00000, 0x00000000e8f00000, 0x00000000e9000000|  0%| F|  |TAMS 0x00000000e8f00000, 0x00000000e8f00000| Untracked 
| 144|0x00000000e9000000, 0x00000000e9000000, 0x00000000e9100000|  0%| F|  |TAMS 0x00000000e9000000, 0x00000000e9000000| Untracked 
| 145|0x00000000e9100000, 0x00000000e9100000, 0x00000000e9200000|  0%| F|  |TAMS 0x00000000e9100000, 0x00000000e9100000| Untracked 
| 146|0x00000000e9200000, 0x00000000e9200000, 0x00000000e9300000|  0%| F|  |TAMS 0x00000000e9200000, 0x00000000e9200000| Untracked 
| 147|0x00000000e9300000, 0x00000000e9300000, 0x00000000e9400000|  0%| F|  |TAMS 0x00000000e9300000, 0x00000000e9300000| Untracked 
| 148|0x00000000e9400000, 0x00000000e9400000, 0x00000000e9500000|  0%| F|  |TAMS 0x00000000e9400000, 0x00000000e9400000| Untracked 
| 149|0x00000000e9500000, 0x00000000e9500000, 0x00000000e9600000|  0%| F|  |TAMS 0x00000000e9500000, 0x00000000e9500000| Untracked 
| 150|0x00000000e9600000, 0x00000000e9600000, 0x00000000e9700000|  0%| F|  |TAMS 0x00000000e9600000, 0x00000000e9600000| Untracked 
| 151|0x00000000e9700000, 0x00000000e9700000, 0x00000000e9800000|  0%| F|  |TAMS 0x00000000e9700000, 0x00000000e9700000| Untracked 
| 152|0x00000000e9800000, 0x00000000e9800000, 0x00000000e9900000|  0%| F|  |TAMS 0x00000000e9800000, 0x00000000e9800000| Untracked 
| 153|0x00000000e9900000, 0x00000000e9900000, 0x00000000e9a00000|  0%| F|  |TAMS 0x00000000e9900000, 0x00000000e9900000| Untracked 
| 154|0x00000000e9a00000, 0x00000000e9a00000, 0x00000000e9b00000|  0%| F|  |TAMS 0x00000000e9a00000, 0x00000000e9a00000| Untracked 
| 155|0x00000000e9b00000, 0x00000000e9b00000, 0x00000000e9c00000|  0%| F|  |TAMS 0x00000000e9b00000, 0x00000000e9b00000| Untracked 
| 156|0x00000000e9c00000, 0x00000000e9c00000, 0x00000000e9d00000|  0%| F|  |TAMS 0x00000000e9c00000, 0x00000000e9c00000| Untracked 
| 157|0x00000000e9d00000, 0x00000000e9d00000, 0x00000000e9e00000|  0%| F|  |TAMS 0x00000000e9d00000, 0x00000000e9d00000| Untracked 
| 158|0x00000000e9e00000, 0x00000000e9e00000, 0x00000000e9f00000|  0%| F|  |TAMS 0x00000000e9e00000, 0x00000000e9e00000| Untracked 
| 159|0x00000000e9f00000, 0x00000000e9f00000, 0x00000000ea000000|  0%| F|  |TAMS 0x00000000e9f00000, 0x00000000e9f00000| Untracked 
| 160|0x00000000ea000000, 0x00000000ea000000, 0x00000000ea100000|  0%| F|  |TAMS 0x00000000ea000000, 0x00000000ea000000| Untracked 
| 161|0x00000000ea100000, 0x00000000ea100000, 0x00000000ea200000|  0%| F|  |TAMS 0x00000000ea100000, 0x00000000ea100000| Untracked 
| 162|0x00000000ea200000, 0x00000000ea200000, 0x00000000ea300000|  0%| F|  |TAMS 0x00000000ea200000, 0x00000000ea200000| Untracked 
| 163|0x00000000ea300000, 0x00000000ea300000, 0x00000000ea400000|  0%| F|  |TAMS 0x00000000ea300000, 0x00000000ea300000| Untracked 
| 164|0x00000000ea400000, 0x00000000ea400000, 0x00000000ea500000|  0%| F|  |TAMS 0x00000000ea400000, 0x00000000ea400000| Untracked 
| 165|0x00000000ea500000, 0x00000000ea500000, 0x00000000ea600000|  0%| F|  |TAMS 0x00000000ea500000, 0x00000000ea500000| Untracked 
| 166|0x00000000ea600000, 0x00000000ea600000, 0x00000000ea700000|  0%| F|  |TAMS 0x00000000ea600000, 0x00000000ea600000| Untracked 
| 167|0x00000000ea700000, 0x00000000ea700000, 0x00000000ea800000|  0%| F|  |TAMS 0x00000000ea700000, 0x00000000ea700000| Untracked 
| 168|0x00000000ea800000, 0x00000000ea800000, 0x00000000ea900000|  0%| F|  |TAMS 0x00000000ea800000, 0x00000000ea800000| Untracked 
| 169|0x00000000ea900000, 0x00000000ea963e30, 0x00000000eaa00000| 39%| S|CS|TAMS 0x00000000ea900000, 0x00000000ea900000| Complete 
| 170|0x00000000eaa00000, 0x00000000eab00000, 0x00000000eab00000|100%| S|CS|TAMS 0x00000000eaa00000, 0x00000000eaa00000| Complete 
| 171|0x00000000eab00000, 0x00000000eac00000, 0x00000000eac00000|100%| S|CS|TAMS 0x00000000eab00000, 0x00000000eab00000| Complete 
| 172|0x00000000eac00000, 0x00000000ead00000, 0x00000000ead00000|100%| S|CS|TAMS 0x00000000eac00000, 0x00000000eac00000| Complete 
| 173|0x00000000ead00000, 0x00000000eae00000, 0x00000000eae00000|100%| S|CS|TAMS 0x00000000ead00000, 0x00000000ead00000| Complete 
| 174|0x00000000eae00000, 0x00000000eaf00000, 0x00000000eaf00000|100%| S|CS|TAMS 0x00000000eae00000, 0x00000000eae00000| Complete 
| 175|0x00000000eaf00000, 0x00000000eb000000, 0x00000000eb000000|100%| S|CS|TAMS 0x00000000eaf00000, 0x00000000eaf00000| Complete 
| 176|0x00000000eb000000, 0x00000000eb100000, 0x00000000eb100000|100%| S|CS|TAMS 0x00000000eb000000, 0x00000000eb000000| Complete 
| 177|0x00000000eb100000, 0x00000000eb200000, 0x00000000eb200000|100%| S|CS|TAMS 0x00000000eb100000, 0x00000000eb100000| Complete 
| 178|0x00000000eb200000, 0x00000000eb300000, 0x00000000eb300000|100%| S|CS|TAMS 0x00000000eb200000, 0x00000000eb200000| Complete 
| 179|0x00000000eb300000, 0x00000000eb400000, 0x00000000eb400000|100%| S|CS|TAMS 0x00000000eb300000, 0x00000000eb300000| Complete 
| 180|0x00000000eb400000, 0x00000000eb400000, 0x00000000eb500000|  0%| F|  |TAMS 0x00000000eb400000, 0x00000000eb400000| Untracked 
| 181|0x00000000eb500000, 0x00000000eb500000, 0x00000000eb600000|  0%| F|  |TAMS 0x00000000eb500000, 0x00000000eb500000| Untracked 
| 182|0x00000000eb600000, 0x00000000eb600000, 0x00000000eb700000|  0%| F|  |TAMS 0x00000000eb600000, 0x00000000eb600000| Untracked 
| 183|0x00000000eb700000, 0x00000000eb700000, 0x00000000eb800000|  0%| F|  |TAMS 0x00000000eb700000, 0x00000000eb700000| Untracked 
| 184|0x00000000eb800000, 0x00000000eb800000, 0x00000000eb900000|  0%| F|  |TAMS 0x00000000eb800000, 0x00000000eb800000| Untracked 
| 185|0x00000000eb900000, 0x00000000eb900000, 0x00000000eba00000|  0%| F|  |TAMS 0x00000000eb900000, 0x00000000eb900000| Untracked 
| 186|0x00000000eba00000, 0x00000000eba00000, 0x00000000ebb00000|  0%| F|  |TAMS 0x00000000eba00000, 0x00000000eba00000| Untracked 
| 187|0x00000000ebb00000, 0x00000000ebb00000, 0x00000000ebc00000|  0%| F|  |TAMS 0x00000000ebb00000, 0x00000000ebb00000| Untracked 
| 188|0x00000000ebc00000, 0x00000000ebc00000, 0x00000000ebd00000|  0%| F|  |TAMS 0x00000000ebc00000, 0x00000000ebc00000| Untracked 
| 189|0x00000000ebd00000, 0x00000000ebd00000, 0x00000000ebe00000|  0%| F|  |TAMS 0x00000000ebd00000, 0x00000000ebd00000| Untracked 
| 190|0x00000000ebe00000, 0x00000000ebe00000, 0x00000000ebf00000|  0%| F|  |TAMS 0x00000000ebe00000, 0x00000000ebe00000| Untracked 
| 191|0x00000000ebf00000, 0x00000000ebf00000, 0x00000000ec000000|  0%| F|  |TAMS 0x00000000ebf00000, 0x00000000ebf00000| Untracked 
| 192|0x00000000ec000000, 0x00000000ec000000, 0x00000000ec100000|  0%| F|  |TAMS 0x00000000ec000000, 0x00000000ec000000| Untracked 
| 193|0x00000000ec100000, 0x00000000ec100000, 0x00000000ec200000|  0%| F|  |TAMS 0x00000000ec100000, 0x00000000ec100000| Untracked 
| 194|0x00000000ec200000, 0x00000000ec200000, 0x00000000ec300000|  0%| F|  |TAMS 0x00000000ec200000, 0x00000000ec200000| Untracked 
| 195|0x00000000ec300000, 0x00000000ec300000, 0x00000000ec400000|  0%| F|  |TAMS 0x00000000ec300000, 0x00000000ec300000| Untracked 
| 196|0x00000000ec400000, 0x00000000ec400000, 0x00000000ec500000|  0%| F|  |TAMS 0x00000000ec400000, 0x00000000ec400000| Untracked 
| 197|0x00000000ec500000, 0x00000000ec500000, 0x00000000ec600000|  0%| F|  |TAMS 0x00000000ec500000, 0x00000000ec500000| Untracked 
| 198|0x00000000ec600000, 0x00000000ec600000, 0x00000000ec700000|  0%| F|  |TAMS 0x00000000ec600000, 0x00000000ec600000| Untracked 
| 199|0x00000000ec700000, 0x00000000ec700000, 0x00000000ec800000|  0%| F|  |TAMS 0x00000000ec700000, 0x00000000ec700000| Untracked 
| 200|0x00000000ec800000, 0x00000000ec800000, 0x00000000ec900000|  0%| F|  |TAMS 0x00000000ec800000, 0x00000000ec800000| Untracked 
| 201|0x00000000ec900000, 0x00000000ec900000, 0x00000000eca00000|  0%| F|  |TAMS 0x00000000ec900000, 0x00000000ec900000| Untracked 
| 202|0x00000000eca00000, 0x00000000eca00000, 0x00000000ecb00000|  0%| F|  |TAMS 0x00000000eca00000, 0x00000000eca00000| Untracked 
| 203|0x00000000ecb00000, 0x00000000ecb00000, 0x00000000ecc00000|  0%| F|  |TAMS 0x00000000ecb00000, 0x00000000ecb00000| Untracked 
| 204|0x00000000ecc00000, 0x00000000ecc00000, 0x00000000ecd00000|  0%| F|  |TAMS 0x00000000ecc00000, 0x00000000ecc00000| Untracked 
| 205|0x00000000ecd00000, 0x00000000ecd00000, 0x00000000ece00000|  0%| F|  |TAMS 0x00000000ecd00000, 0x00000000ecd00000| Untracked 
| 206|0x00000000ece00000, 0x00000000ece00000, 0x00000000ecf00000|  0%| F|  |TAMS 0x00000000ece00000, 0x00000000ece00000| Untracked 
| 207|0x00000000ecf00000, 0x00000000ecf00000, 0x00000000ed000000|  0%| F|  |TAMS 0x00000000ecf00000, 0x00000000ecf00000| Untracked 
| 208|0x00000000ed000000, 0x00000000ed000000, 0x00000000ed100000|  0%| F|  |TAMS 0x00000000ed000000, 0x00000000ed000000| Untracked 
| 209|0x00000000ed100000, 0x00000000ed100000, 0x00000000ed200000|  0%| F|  |TAMS 0x00000000ed100000, 0x00000000ed100000| Untracked 
| 210|0x00000000ed200000, 0x00000000ed200000, 0x00000000ed300000|  0%| F|  |TAMS 0x00000000ed200000, 0x00000000ed200000| Untracked 
| 211|0x00000000ed300000, 0x00000000ed300000, 0x00000000ed400000|  0%| F|  |TAMS 0x00000000ed300000, 0x00000000ed300000| Untracked 
| 212|0x00000000ed400000, 0x00000000ed400000, 0x00000000ed500000|  0%| F|  |TAMS 0x00000000ed400000, 0x00000000ed400000| Untracked 
| 213|0x00000000ed500000, 0x00000000ed500000, 0x00000000ed600000|  0%| F|  |TAMS 0x00000000ed500000, 0x00000000ed500000| Untracked 
| 214|0x00000000ed600000, 0x00000000ed600000, 0x00000000ed700000|  0%| F|  |TAMS 0x00000000ed600000, 0x00000000ed600000| Untracked 
| 215|0x00000000ed700000, 0x00000000ed700000, 0x00000000ed800000|  0%| F|  |TAMS 0x00000000ed700000, 0x00000000ed700000| Untracked 
| 216|0x00000000ed800000, 0x00000000ed800000, 0x00000000ed900000|  0%| F|  |TAMS 0x00000000ed800000, 0x00000000ed800000| Untracked 
| 217|0x00000000ed900000, 0x00000000ed9a0a50, 0x00000000eda00000| 62%| E|  |TAMS 0x00000000ed900000, 0x00000000ed900000| Complete 
| 218|0x00000000eda00000, 0x00000000edb00000, 0x00000000edb00000|100%| E|CS|TAMS 0x00000000eda00000, 0x00000000eda00000| Complete 
| 219|0x00000000edb00000, 0x00000000edc00000, 0x00000000edc00000|100%| E|CS|TAMS 0x00000000edb00000, 0x00000000edb00000| Complete 
| 220|0x00000000edc00000, 0x00000000edd00000, 0x00000000edd00000|100%| E|CS|TAMS 0x00000000edc00000, 0x00000000edc00000| Complete 
| 221|0x00000000edd00000, 0x00000000ede00000, 0x00000000ede00000|100%| E|CS|TAMS 0x00000000edd00000, 0x00000000edd00000| Complete 
| 222|0x00000000ede00000, 0x00000000edf00000, 0x00000000edf00000|100%| E|CS|TAMS 0x00000000ede00000, 0x00000000ede00000| Complete 
| 223|0x00000000edf00000, 0x00000000ee000000, 0x00000000ee000000|100%| E|CS|TAMS 0x00000000edf00000, 0x00000000edf00000| Complete 
| 224|0x00000000ee000000, 0x00000000ee100000, 0x00000000ee100000|100%| E|CS|TAMS 0x00000000ee000000, 0x00000000ee000000| Complete 
| 225|0x00000000ee100000, 0x00000000ee200000, 0x00000000ee200000|100%| E|CS|TAMS 0x00000000ee100000, 0x00000000ee100000| Complete 
| 226|0x00000000ee200000, 0x00000000ee300000, 0x00000000ee300000|100%| E|CS|TAMS 0x00000000ee200000, 0x00000000ee200000| Complete 
| 227|0x00000000ee300000, 0x00000000ee400000, 0x00000000ee400000|100%| E|CS|TAMS 0x00000000ee300000, 0x00000000ee300000| Complete 
| 228|0x00000000ee400000, 0x00000000ee500000, 0x00000000ee500000|100%| E|CS|TAMS 0x00000000ee400000, 0x00000000ee400000| Complete 
| 229|0x00000000ee500000, 0x00000000ee600000, 0x00000000ee600000|100%| E|CS|TAMS 0x00000000ee500000, 0x00000000ee500000| Complete 
| 230|0x00000000ee600000, 0x00000000ee700000, 0x00000000ee700000|100%| E|CS|TAMS 0x00000000ee600000, 0x00000000ee600000| Complete 
| 231|0x00000000ee700000, 0x00000000ee800000, 0x00000000ee800000|100%| E|CS|TAMS 0x00000000ee700000, 0x00000000ee700000| Complete 
| 232|0x00000000ee800000, 0x00000000ee900000, 0x00000000ee900000|100%| E|CS|TAMS 0x00000000ee800000, 0x00000000ee800000| Complete 
| 233|0x00000000ee900000, 0x00000000eea00000, 0x00000000eea00000|100%| E|  |TAMS 0x00000000ee900000, 0x00000000ee900000| Complete 
| 234|0x00000000eea00000, 0x00000000eeb00000, 0x00000000eeb00000|100%| E|CS|TAMS 0x00000000eea00000, 0x00000000eea00000| Complete 
| 235|0x00000000eeb00000, 0x00000000eec00000, 0x00000000eec00000|100%| E|CS|TAMS 0x00000000eeb00000, 0x00000000eeb00000| Complete 
| 236|0x00000000eec00000, 0x00000000eed00000, 0x00000000eed00000|100%| E|CS|TAMS 0x00000000eec00000, 0x00000000eec00000| Complete 
| 237|0x00000000eed00000, 0x00000000eee00000, 0x00000000eee00000|100%| E|CS|TAMS 0x00000000eed00000, 0x00000000eed00000| Complete 
| 238|0x00000000eee00000, 0x00000000eef00000, 0x00000000eef00000|100%| E|CS|TAMS 0x00000000eee00000, 0x00000000eee00000| Complete 
| 239|0x00000000eef00000, 0x00000000ef000000, 0x00000000ef000000|100%| E|CS|TAMS 0x00000000eef00000, 0x00000000eef00000| Complete 
| 240|0x00000000ef000000, 0x00000000ef100000, 0x00000000ef100000|100%| E|CS|TAMS 0x00000000ef000000, 0x00000000ef000000| Complete 
| 241|0x00000000ef100000, 0x00000000ef200000, 0x00000000ef200000|100%| E|CS|TAMS 0x00000000ef100000, 0x00000000ef100000| Complete 
| 242|0x00000000ef200000, 0x00000000ef300000, 0x00000000ef300000|100%| E|CS|TAMS 0x00000000ef200000, 0x00000000ef200000| Complete 
| 243|0x00000000ef300000, 0x00000000ef400000, 0x00000000ef400000|100%| E|CS|TAMS 0x00000000ef300000, 0x00000000ef300000| Complete 
| 244|0x00000000ef400000, 0x00000000ef500000, 0x00000000ef500000|100%| E|CS|TAMS 0x00000000ef400000, 0x00000000ef400000| Complete 
| 245|0x00000000ef500000, 0x00000000ef600000, 0x00000000ef600000|100%| E|CS|TAMS 0x00000000ef500000, 0x00000000ef500000| Complete 
| 246|0x00000000ef600000, 0x00000000ef700000, 0x00000000ef700000|100%| E|CS|TAMS 0x00000000ef600000, 0x00000000ef600000| Complete 
| 247|0x00000000ef700000, 0x00000000ef800000, 0x00000000ef800000|100%| E|CS|TAMS 0x00000000ef700000, 0x00000000ef700000| Complete 
| 248|0x00000000ef800000, 0x00000000ef900000, 0x00000000ef900000|100%| E|CS|TAMS 0x00000000ef800000, 0x00000000ef800000| Complete 
| 249|0x00000000ef900000, 0x00000000efa00000, 0x00000000efa00000|100%| E|CS|TAMS 0x00000000ef900000, 0x00000000ef900000| Complete 
| 250|0x00000000efa00000, 0x00000000efb00000, 0x00000000efb00000|100%| E|CS|TAMS 0x00000000efa00000, 0x00000000efa00000| Complete 
| 251|0x00000000efb00000, 0x00000000efc00000, 0x00000000efc00000|100%| E|CS|TAMS 0x00000000efb00000, 0x00000000efb00000| Complete 
| 252|0x00000000efc00000, 0x00000000efd00000, 0x00000000efd00000|100%| E|CS|TAMS 0x00000000efc00000, 0x00000000efc00000| Complete 
| 253|0x00000000efd00000, 0x00000000efe00000, 0x00000000efe00000|100%| E|CS|TAMS 0x00000000efd00000, 0x00000000efd00000| Complete 
| 254|0x00000000efe00000, 0x00000000eff00000, 0x00000000eff00000|100%| E|CS|TAMS 0x00000000efe00000, 0x00000000efe00000| Complete 
| 255|0x00000000eff00000, 0x00000000f0000000, 0x00000000f0000000|100%| E|CS|TAMS 0x00000000eff00000, 0x00000000eff00000| Complete 

Card table byte_map: [0x00000204733a0000,0x00000204734a0000] _byte_map_base: 0x0000020472ca0000

Marking Bits (Prev, Next): (CMBitMap*) 0x0000020469ee2930, (CMBitMap*) 0x0000020469ee28f8
 Prev Bits: [0x0000020473da0000, 0x00000204745a0000)
 Next Bits: [0x00000204735a0000, 0x0000020473da0000)

Polling page: 0x0000020469fa0000

Metaspace:

Usage:
  Non-class:     22.86 MB capacity,    22.46 MB ( 98%) used,   369.30 KB (  2%) free+waste,    43.31 KB ( <1%) overhead. 
      Class:      3.51 MB capacity,     3.32 MB ( 95%) used,   175.90 KB (  5%) free+waste,    20.75 KB ( <1%) overhead. 
       Both:     26.37 MB capacity,    25.78 MB ( 98%) used,   545.20 KB (  2%) free+waste,    64.06 KB ( <1%) overhead. 

Virtual space:
  Non-class space:       24.00 MB reserved,      23.00 MB ( 96%) committed 
      Class space:      248.00 MB reserved,       3.63 MB (  1%) committed 
             Both:      272.00 MB reserved,      26.63 MB ( 10%) committed 

Chunk freelists:
   Non-Class:  12.00 KB
       Class:  22.00 KB
        Both:  34.00 KB

MaxMetaspaceSize: 256.00 MB
CompressedClassSpaceSize: 248.00 MB
Initial GC threshold: 20.80 MB
Current GC threshold: 34.79 MB
CDS: off

CodeHeap 'non-profiled nmethods': size=120000Kb used=1080Kb max_used=1080Kb free=118919Kb
 bounds [0x0000020407ad0000, 0x0000020407d40000, 0x000002040f000000]
CodeHeap 'profiled nmethods': size=120000Kb used=4424Kb max_used=4424Kb free=115575Kb
 bounds [0x00000204005a0000, 0x0000020400a00000, 0x0000020407ad0000]
CodeHeap 'non-nmethods': size=5760Kb used=1206Kb max_used=1245Kb free=4553Kb
 bounds [0x0000020400000000, 0x0000020400270000, 0x00000204005a0000]
 total_blobs=2647 nmethods=2176 adapters=383
 compilation: enabled
              stopped_count=0, restarted_count=0
 full_count=0

Compilation events (20 events):
Event: 6.705 Thread 0x0000020477be7800 2156       1       org.codehaus.groovy.reflection.CachedClass::getTheClass (5 bytes)
Event: 6.705 Thread 0x0000020477be7800 nmethod 2156 0x0000020407bda590 code [0x0000020407bda740, 0x0000020407bda7f8]
Event: 6.705 Thread 0x0000020477be7800 2167       1       java.lang.ClassValue::version (5 bytes)
Event: 6.705 Thread 0x0000020477be7800 nmethod 2167 0x0000020407bda890 code [0x0000020407bdaa40, 0x0000020407bdaaf8]
Event: 6.706 Thread 0x0000020477be7800 2170       3       java.lang.PublicMethods$MethodList::filter (104 bytes)
Event: 6.706 Thread 0x0000020477be7800 nmethod 2170 0x00000204009ec290 code [0x00000204009ec500, 0x00000204009ed078]
Event: 6.706 Thread 0x0000020477be7800 2171       3       java.lang.Class::copyMethods (36 bytes)
Event: 6.707 Thread 0x0000020477be7800 nmethod 2171 0x00000204009ed590 code [0x00000204009ed7e0, 0x00000204009ee1b8]
Event: 6.707 Thread 0x0000020477be7800 2169       3       java.lang.Class::getMethodsRecursive (99 bytes)
Event: 6.707 Thread 0x0000020477be7800 nmethod 2169 0x00000204009ee510 code [0x00000204009ee740, 0x00000204009eecc8]
Event: 6.708 Thread 0x0000020477be7800 2172   !   3       org.codehaus.groovy.util.LazyReference::getLocked (85 bytes)
Event: 6.709 Thread 0x0000020477be7800 nmethod 2172 0x00000204009ef010 code [0x00000204009ef340, 0x00000204009f0498]
Event: 6.709 Thread 0x0000020477be7800 2173       3       org.codehaus.groovy.util.LockableObject::lock (25 bytes)
Event: 6.710 Thread 0x0000020477be7800 nmethod 2173 0x00000204009f0b90 code [0x00000204009f0e00, 0x00000204009f17f8]
Event: 6.710 Thread 0x0000020477be7800 2174       3       java.lang.ClassValue$Entry::version (8 bytes)
Event: 6.710 Thread 0x0000020477be7800 nmethod 2174 0x00000204009f1b90 code [0x00000204009f1d40, 0x00000204009f1fd8]
Event: 6.718 Thread 0x0000020477be6800 nmethod 2132 0x0000020407bdab90 code [0x0000020407bdae20, 0x0000020407bdc580]
Event: 6.728 Thread 0x0000020478bb1800 2175  s    4       java.lang.Throwable::fillInStackTrace (29 bytes)
Event: 6.728 Thread 0x0000020477be6800 2176       4       java.lang.Throwable::<init> (39 bytes)
Event: 6.730 Thread 0x0000020478bb1800 nmethod 2175 0x0000020407bdd190 code [0x0000020407bdd340, 0x0000020407bdd728]

GC Heap History (4 events):
Event: 2.287 GC heap before
{Heap before GC invocations=0 (full 0):
 garbage-first heap   total 262144K, used 26624K [0x00000000e0000000, 0x0000000100000000)
  region size 1024K, 24 young (24576K), 0 survivors (0K)
 Metaspace       used 10332K, capacity 10557K, committed 10752K, reserved 264192K
  class space    used 1081K, capacity 1157K, committed 1280K, reserved 253952K
}
Event: 2.291 GC heap after
{Heap after GC invocations=1 (full 0):
 garbage-first heap   total 262144K, used 7409K [0x00000000e0000000, 0x0000000100000000)
  region size 1024K, 3 young (3072K), 3 survivors (3072K)
 Metaspace       used 10332K, capacity 10557K, committed 10752K, reserved 264192K
  class space    used 1081K, capacity 1157K, committed 1280K, reserved 253952K
}
Event: 6.035 GC heap before
{Heap before GC invocations=1 (full 0):
 garbage-first heap   total 262144K, used 80113K [0x00000000e0000000, 0x0000000100000000)
  region size 1024K, 76 young (77824K), 3 survivors (3072K)
 Metaspace       used 20730K, capacity 21178K, committed 21248K, reserved 272384K
  class space    used 2619K, capacity 2785K, committed 2816K, reserved 253952K
}
Event: 6.041 GC heap after
{Heap after GC invocations=2 (full 0):
 garbage-first heap   total 262144K, used 14977K [0x00000000e0000000, 0x0000000100000000)
  region size 1024K, 11 young (11264K), 11 survivors (11264K)
 Metaspace       used 20730K, capacity 21178K, committed 21248K, reserved 272384K
  class space    used 2619K, capacity 2785K, committed 2816K, reserved 253952K
}

Deoptimization events (20 events):
Event: 6.476 Thread 0x0000020477bfe000 DEOPT PACKING pc=0x0000020407b42d24 sp=0x000000f5e7df4730
Event: 6.476 Thread 0x0000020477bfe000 DEOPT UNPACKING pc=0x000002040004a1af sp=0x000000f5e7df4620 mode 2
Event: 6.506 Thread 0x0000020477bfe000 DEOPT PACKING pc=0x00000204007dd217 sp=0x000000f5e7df5110
Event: 6.506 Thread 0x0000020477bfe000 DEOPT UNPACKING pc=0x000002040004a95e sp=0x000000f5e7df4698 mode 0
Event: 6.631 Thread 0x0000020477bfe000 Uncommon trap: trap_request=0xffffffde fr.pc=0x0000020407b0f288 relative=0x00000000000013c8
Event: 6.631 Thread 0x0000020477bfe000 Uncommon trap: reason=class_check action=maybe_recompile pc=0x0000020407b0f288 method=jdk.internal.loader.URLClassPath.getLoader(I)Ljdk/internal/loader/URLClassPath$Loader; @ 88 c2
Event: 6.631 Thread 0x0000020477bfe000 DEOPT PACKING pc=0x0000020407b0f288 sp=0x000000f5e7dfa020
Event: 6.631 Thread 0x0000020477bfe000 DEOPT UNPACKING pc=0x000002040004a1af sp=0x000000f5e7dfa010 mode 2
Event: 6.631 Thread 0x0000020477bfe000 Uncommon trap: trap_request=0xffffffde fr.pc=0x0000020407b48770 relative=0x00000000000000b0
Event: 6.631 Thread 0x0000020477bfe000 Uncommon trap: reason=class_check action=maybe_recompile pc=0x0000020407b48770 method=jdk.internal.loader.URLClassPath.getResource(Ljava/lang/String;Z)Ljdk/internal/loader/Resource; @ 53 c2
Event: 6.631 Thread 0x0000020477bfe000 DEOPT PACKING pc=0x0000020407b48770 sp=0x000000f5e7dfa0e0
Event: 6.631 Thread 0x0000020477bfe000 DEOPT UNPACKING pc=0x000002040004a1af sp=0x000000f5e7dfa060 mode 2
Event: 6.631 Thread 0x0000020477bfe000 Uncommon trap: trap_request=0xffffff4d fr.pc=0x0000020407b84c80 relative=0x00000000000005a0
Event: 6.631 Thread 0x0000020477bfe000 Uncommon trap: reason=unstable_if action=reinterpret pc=0x0000020407b84c80 method=java.lang.String.regionMatches(ZILjava/lang/String;II)Z @ 36 c2
Event: 6.631 Thread 0x0000020477bfe000 DEOPT PACKING pc=0x0000020407b84c80 sp=0x000000f5e7df9db0
Event: 6.631 Thread 0x0000020477bfe000 DEOPT UNPACKING pc=0x000002040004a1af sp=0x000000f5e7df9d30 mode 2
Event: 6.638 Thread 0x0000020477bfe000 Uncommon trap: trap_request=0xffffff4d fr.pc=0x0000020407bc4c88 relative=0x0000000000000ee8
Event: 6.638 Thread 0x0000020477bfe000 Uncommon trap: reason=unstable_if action=reinterpret pc=0x0000020407bc4c88 method=java.lang.ClassLoader.getClassLoadingLock(Ljava/lang/String;)Ljava/lang/Object; @ 6 c2
Event: 6.638 Thread 0x0000020477bfe000 DEOPT PACKING pc=0x0000020407bc4c88 sp=0x000000f5e7df8660
Event: 6.638 Thread 0x0000020477bfe000 DEOPT UNPACKING pc=0x000002040004a1af sp=0x000000f5e7df85c0 mode 2

Classes redefined (0 events):
No events

Internal exceptions (20 events):
Event: 6.547 Thread 0x0000020477bfe000 Exception <a 'java/lang/NoSuchMethodError'{0x00000000ee9e0ed8}: <clinit>> (0x00000000ee9e0ed8) thrown at [./src/hotspot/share/prims/jni.cpp, line 1365]
Event: 6.550 Thread 0x0000020477bfe000 Exception <a 'java/lang/NoSuchMethodError'{0x00000000ee8f5f28}: <clinit>> (0x00000000ee8f5f28) thrown at [./src/hotspot/share/prims/jni.cpp, line 1365]
Event: 6.550 Thread 0x0000020477bfe000 Exception <a 'java/lang/NoSuchMethodError'{0x00000000ee8f7658}: <clinit>> (0x00000000ee8f7658) thrown at [./src/hotspot/share/prims/jni.cpp, line 1365]
Event: 6.550 Thread 0x0000020477bfe000 Exception <a 'java/lang/NoSuchMethodError'{0x00000000ee8f9e80}: <clinit>> (0x00000000ee8f9e80) thrown at [./src/hotspot/share/prims/jni.cpp, line 1365]
Event: 6.550 Thread 0x0000020477bfe000 Exception <a 'java/lang/NoSuchMethodError'{0x00000000ee708318}: <clinit>> (0x00000000ee708318) thrown at [./src/hotspot/share/prims/jni.cpp, line 1365]
Event: 6.551 Thread 0x0000020477bfe000 Exception <a 'java/lang/NoSuchMethodError'{0x00000000ee714ed0}: <clinit>> (0x00000000ee714ed0) thrown at [./src/hotspot/share/prims/jni.cpp, line 1365]
Event: 6.552 Thread 0x0000020477bfe000 Exception <a 'java/lang/NoSuchMethodError'{0x00000000ee72f268}: <clinit>> (0x00000000ee72f268) thrown at [./src/hotspot/share/prims/jni.cpp, line 1365]
Event: 6.552 Thread 0x0000020477bfe000 Exception <a 'java/lang/NoSuchMethodError'{0x00000000ee739c38}: <clinit>> (0x00000000ee739c38) thrown at [./src/hotspot/share/prims/jni.cpp, line 1365]
Event: 6.554 Thread 0x0000020477bfe000 Exception <a 'java/lang/NoSuchMethodError'{0x00000000ee7545e8}: <clinit>> (0x00000000ee7545e8) thrown at [./src/hotspot/share/prims/jni.cpp, line 1365]
Event: 6.554 Thread 0x0000020477bfe000 Exception <a 'java/lang/NoSuchMethodError'{0x00000000ee75dea8}: <clinit>> (0x00000000ee75dea8) thrown at [./src/hotspot/share/prims/jni.cpp, line 1365]
Event: 6.554 Thread 0x0000020477bfe000 Exception <a 'java/lang/NoSuchMethodError'{0x00000000ee767ec0}: <clinit>> (0x00000000ee767ec0) thrown at [./src/hotspot/share/prims/jni.cpp, line 1365]
Event: 6.555 Thread 0x0000020477bfe000 Exception <a 'java/lang/NoSuchMethodError'{0x00000000ee771c00}: <clinit>> (0x00000000ee771c00) thrown at [./src/hotspot/share/prims/jni.cpp, line 1365]
Event: 6.559 Thread 0x0000020477bfe000 Exception <a 'java/lang/NoSuchMethodError'{0x00000000ee6135e0}: <clinit>> (0x00000000ee6135e0) thrown at [./src/hotspot/share/prims/jni.cpp, line 1365]
Event: 6.559 Thread 0x0000020477bfe000 Exception <a 'java/lang/NoSuchMethodError'{0x00000000ee616018}: <clinit>> (0x00000000ee616018) thrown at [./src/hotspot/share/prims/jni.cpp, line 1365]
Event: 6.559 Thread 0x0000020477bfe000 Exception <a 'java/lang/NoSuchMethodError'{0x00000000ee617620}: <clinit>> (0x00000000ee617620) thrown at [./src/hotspot/share/prims/jni.cpp, line 1365]
Event: 6.559 Thread 0x0000020477bfe000 Exception <a 'java/lang/NoSuchMethodError'{0x00000000ee618bb8}: <clinit>> (0x00000000ee618bb8) thrown at [./src/hotspot/share/prims/jni.cpp, line 1365]
Event: 6.559 Thread 0x0000020477bfe000 Exception <a 'java/lang/NoSuchMethodError'{0x00000000ee61a318}: <clinit>> (0x00000000ee61a318) thrown at [./src/hotspot/share/prims/jni.cpp, line 1365]
Event: 6.559 Thread 0x0000020477bfe000 Exception <a 'java/lang/NoSuchMethodError'{0x00000000ee61b708}: <clinit>> (0x00000000ee61b708) thrown at [./src/hotspot/share/prims/jni.cpp, line 1365]
Event: 6.559 Thread 0x0000020477bfe000 Exception <a 'java/lang/NoSuchMethodError'{0x00000000ee61c998}: <clinit>> (0x00000000ee61c998) thrown at [./src/hotspot/share/prims/jni.cpp, line 1365]
Event: 6.732 Thread 0x0000020477bfe000 Implicit null exception at 0x0000020407bd2902 to 0x0000000000000000

Events (20 events):
Event: 6.728 loading class org/codehaus/groovy/runtime/dgmimpl/arrays/FloatArrayPutAtMetaMethod
Event: 6.728 loading class org/codehaus/groovy/runtime/dgmimpl/arrays/FloatArrayPutAtMetaMethod done
Event: 6.728 loading class org/codehaus/groovy/runtime/dgmimpl/arrays/DoubleArrayGetAtMetaMethod
Event: 6.728 loading class org/codehaus/groovy/runtime/dgmimpl/arrays/DoubleArrayGetAtMetaMethod done
Event: 6.728 loading class org/codehaus/groovy/runtime/dgmimpl/arrays/DoubleArrayPutAtMetaMethod
Event: 6.728 loading class org/codehaus/groovy/runtime/dgmimpl/arrays/DoubleArrayPutAtMetaMethod done
Event: 6.728 loading class org/codehaus/groovy/runtime/EncodingGroovyMethods
Event: 6.728 loading class org/codehaus/groovy/runtime/EncodingGroovyMethods done
Event: 6.728 loading class org/codehaus/groovy/runtime/IOGroovyMethods
Event: 6.728 loading class org/codehaus/groovy/runtime/IOGroovyMethods done
Event: 6.729 loading class org/codehaus/groovy/runtime/ProcessGroovyMethods
Event: 6.729 loading class org/codehaus/groovy/runtime/ProcessGroovyMethods done
Event: 6.729 loading class org/codehaus/groovy/runtime/ResourceGroovyMethods
Event: 6.729 loading class org/codehaus/groovy/runtime/ResourceGroovyMethods done
Event: 6.730 loading class org/codehaus/groovy/runtime/SocketGroovyMethods
Event: 6.730 loading class org/codehaus/groovy/runtime/SocketGroovyMethods done
Event: 6.731 loading class org/codehaus/groovy/runtime/StringGroovyMethods
Event: 6.731 loading class org/codehaus/groovy/runtime/StringGroovyMethods done
Event: 6.732 loading class org/codehaus/groovy/runtime/NumberAwareComparator
Event: 6.732 loading class org/codehaus/groovy/runtime/NumberAwareComparator done


Dynamic libraries:
0x00007ff7875b0000 - 0x00007ff7875bd000 	C:\Users\trent\.jdks\corretto-11.0.12\bin\java.exe
0x00007fff19e50000 - 0x00007fff1a045000 	C:\Windows\SYSTEM32\ntdll.dll
0x00007fff187c0000 - 0x00007fff1887d000 	C:\Windows\System32\KERNEL32.DLL
0x00007fff177c0000 - 0x00007fff17a89000 	C:\Windows\System32\KERNELBASE.dll
0x00007fff17b30000 - 0x00007fff17c30000 	C:\Windows\System32\ucrtbase.dll
0x00007ffebfbd0000 - 0x00007ffebfbe9000 	C:\Users\trent\.jdks\corretto-11.0.12\bin\VCRUNTIME140.dll
0x00007ffeb3080000 - 0x00007ffeb3097000 	C:\Users\trent\.jdks\corretto-11.0.12\bin\jli.dll
0x00007fff18fd0000 - 0x00007fff19170000 	C:\Windows\System32\USER32.dll
0x00007fff17e80000 - 0x00007fff17ea2000 	C:\Windows\System32\win32u.dll
0x00007fff0b8a0000 - 0x00007fff0bb3a000 	C:\Windows\WinSxS\amd64_microsoft.windows.common-controls_6595b64144ccf1df_6.0.19041.1110_none_60b5254171f9507e\COMCTL32.dll
0x00007fff18680000 - 0x00007fff186aa000 	C:\Windows\System32\GDI32.dll
0x00007fff188f0000 - 0x00007fff1898e000 	C:\Windows\System32\msvcrt.dll
0x00007fff17d70000 - 0x00007fff17e7b000 	C:\Windows\System32\gdi32full.dll
0x00007fff17a90000 - 0x00007fff17b2d000 	C:\Windows\System32\msvcp_win.dll
0x00007fff18990000 - 0x00007fff189c0000 	C:\Windows\System32\IMM32.DLL
0x00007ffeb2fe0000 - 0x00007ffeb307b000 	C:\Users\trent\.jdks\corretto-11.0.12\bin\msvcp140.dll
0x00007ffeb2480000 - 0x00007ffeb2fda000 	C:\Users\trent\.jdks\corretto-11.0.12\bin\server\jvm.dll
0x00007fff18af0000 - 0x00007fff18b9c000 	C:\Windows\System32\ADVAPI32.dll
0x00007fff185d0000 - 0x00007fff1866b000 	C:\Windows\System32\sechost.dll
0x00007fff19b10000 - 0x00007fff19c3a000 	C:\Windows\System32\RPCRT4.dll
0x00007fff17eb0000 - 0x00007fff17eb8000 	C:\Windows\System32\PSAPI.DLL
0x00007fff0f6c0000 - 0x00007fff0f6e7000 	C:\Windows\SYSTEM32\WINMM.dll
0x00007fff11510000 - 0x00007fff1151a000 	C:\Windows\SYSTEM32\VERSION.dll
0x00007fff14c70000 - 0x00007fff14c79000 	C:\Windows\SYSTEM32\WSOCK32.dll
0x00007fff18ba0000 - 0x00007fff18c0b000 	C:\Windows\System32\WS2_32.dll
0x00007fff154b0000 - 0x00007fff154c2000 	C:\Windows\SYSTEM32\kernel.appcore.dll
0x00007ffeb2470000 - 0x00007ffeb2480000 	C:\Users\trent\.jdks\corretto-11.0.12\bin\verify.dll
0x00007fff10180000 - 0x00007fff10364000 	C:\Windows\SYSTEM32\DBGHELP.DLL
0x00007fff09fe0000 - 0x00007fff0a00c000 	C:\Windows\SYSTEM32\dbgcore.DLL
0x00007fff175d0000 - 0x00007fff17653000 	C:\Windows\System32\bcryptPrimitives.dll
0x00007ffeb2440000 - 0x00007ffeb2468000 	C:\Users\trent\.jdks\corretto-11.0.12\bin\java.dll
0x00007ffeb2430000 - 0x00007ffeb243a000 	C:\Users\trent\.jdks\corretto-11.0.12\bin\jimage.dll
0x00007ffeb2410000 - 0x00007ffeb2427000 	C:\Users\trent\.jdks\corretto-11.0.12\bin\zip.dll
0x00007fff193d0000 - 0x00007fff19b0f000 	C:\Windows\System32\SHELL32.dll
0x00007fff156b0000 - 0x00007fff15e40000 	C:\Windows\SYSTEM32\windows.storage.dll
0x00007fff18c10000 - 0x00007fff18f65000 	C:\Windows\System32\combase.dll
0x00007fff16fe0000 - 0x00007fff1700c000 	C:\Windows\SYSTEM32\Wldp.dll
0x00007fff19200000 - 0x00007fff192ae000 	C:\Windows\System32\SHCORE.dll
0x00007fff18f70000 - 0x00007fff18fc5000 	C:\Windows\System32\shlwapi.dll
0x00007fff174c0000 - 0x00007fff174df000 	C:\Windows\SYSTEM32\profapi.dll
0x00007ffeb16b0000 - 0x00007ffeb16c9000 	C:\Users\trent\.jdks\corretto-11.0.12\bin\net.dll
0x00007fff0ec80000 - 0x00007fff0ed88000 	C:\Windows\SYSTEM32\WINHTTP.dll
0x00007fff16d40000 - 0x00007fff16daa000 	C:\Windows\system32\mswsock.dll
0x00007ffeb1690000 - 0x00007ffeb16a2000 	C:\Users\trent\.jdks\corretto-11.0.12\bin\nio.dll
0x00007ffee8b00000 - 0x00007ffee8b26000 	C:\Users\trent\.gradle\native\28\windows-amd64\native-platform.dll
0x00007ffec7580000 - 0x00007ffec7589000 	C:\Users\trent\.jdks\corretto-11.0.12\bin\management.dll
0x00007ffec60c0000 - 0x00007ffec60cb000 	C:\Users\trent\.jdks\corretto-11.0.12\bin\management_ext.dll
0x00007fff16f40000 - 0x00007fff16f58000 	C:\Windows\SYSTEM32\CRYPTSP.dll
0x00007fff16650000 - 0x00007fff16684000 	C:\Windows\system32\rsaenh.dll
0x00007fff17c90000 - 0x00007fff17cb7000 	C:\Windows\System32\bcrypt.dll
0x00007fff17480000 - 0x00007fff174ae000 	C:\Windows\SYSTEM32\USERENV.dll
0x00007fff16f30000 - 0x00007fff16f3c000 	C:\Windows\SYSTEM32\CRYPTBASE.dll
0x00007fff169e0000 - 0x00007fff16a1b000 	C:\Windows\SYSTEM32\IPHLPAPI.DLL
0x00007fff18670000 - 0x00007fff18678000 	C:\Windows\System32\NSI.dll
0x00007fff11970000 - 0x00007fff11987000 	C:\Windows\SYSTEM32\dhcpcsvc6.DLL
0x00007fff11950000 - 0x00007fff1196d000 	C:\Windows\SYSTEM32\dhcpcsvc.DLL
0x00007fff16a30000 - 0x00007fff16afc000 	C:\Windows\SYSTEM32\DNSAPI.dll

dbghelp: loaded successfully - version: 4.0.5 - missing functions: none
symbol engine: initialized successfully - sym options: 0x614 - pdb path: .;C:\Users\trent\.jdks\corretto-11.0.12\bin;C:\Windows\SYSTEM32;C:\Windows\WinSxS\amd64_microsoft.windows.common-controls_6595b64144ccf1df_6.0.19041.1110_none_60b5254171f9507e;C:\Users\trent\.jdks\corretto-11.0.12\bin\server;C:\Users\trent\.gradle\native\28\windows-amd64

VM Arguments:
jvm_args: -XX:MaxMetaspaceSize=256m -XX:+HeapDumpOnOutOfMemoryError --add-opens=java.base/java.util=ALL-UNNAMED --add-opens=java.base/java.lang=ALL-UNNAMED --add-opens=java.base/java.lang.invoke=ALL-UNNAMED --add-opens=java.prefs/java.util.prefs=ALL-UNNAMED -Xmx512m -Dfile.encoding=windows-1252 -Duser.country=US -Duser.language=en -Duser.variant 
java_command: org.gradle.launcher.daemon.bootstrap.GradleDaemon 5.2.1
java_class_path (initial): C:\Users\trent\.gradle\wrapper\dists\gradle-5.2.1-bin\9lc4nzslqh3ep7ml2tp68fk8s\gradle-5.2.1\lib\gradle-launcher-5.2.1.jar
Launcher Type: SUN_STANDARD

[Global flags]
     intx CICompilerCount                          = 4                                         {product} {ergonomic}
   size_t CompressedClassSpaceSize                 = 260046848                                 {product} {ergonomic}
     uint ConcGCThreads                            = 3                                         {product} {ergonomic}
     uint G1ConcRefinementThreads                  = 10                                        {product} {ergonomic}
   size_t G1HeapRegionSize                         = 1048576                                   {product} {ergonomic}
    uintx GCDrainStackTargetSize                   = 64                                        {product} {ergonomic}
     bool HeapDumpOnOutOfMemoryError               = true                                   {manageable} {command line}
   size_t InitialHeapSize                          = 268435456                                 {product} {ergonomic}
   size_t MarkStackSize                            = 4194304                                   {product} {ergonomic}
   size_t MaxHeapSize                              = 536870912                                 {product} {command line}
   size_t MaxMetaspaceSize                         = 268435456                                 {product} {command line}
   size_t MaxNewSize                               = 321912832                                 {product} {ergonomic}
   size_t MinHeapDeltaBytes                        = 1048576                                   {product} {ergonomic}
    uintx NonNMethodCodeHeapSize                   = 5836300                                {pd product} {ergonomic}
    uintx NonProfiledCodeHeapSize                  = 122910970                              {pd product} {ergonomic}
    uintx ProfiledCodeHeapSize                     = 122910970                              {pd product} {ergonomic}
    uintx ReservedCodeCacheSize                    = 251658240                              {pd product} {ergonomic}
     bool SegmentedCodeCache                       = true                                      {product} {ergonomic}
     bool UseCompressedClassPointers               = true                                 {lp64_product} {ergonomic}
     bool UseCompressedOops                        = true                                 {lp64_product} {ergonomic}
     bool UseG1GC                                  = true                                      {product} {ergonomic}
     bool UseLargePagesIndividualAllocation        = false                                  {pd product} {ergonomic}

Logging:
Log output configuration:
 #0: stdout all=warning uptime,level,tags
 #1: stderr all=off uptime,level,tags

Environment Variables:
PATH=C:\Program Files\Oculus\Support\oculus-runtime;C:\Python39\Scripts\;C:\Python39\;C:\Program Files (x86)\Common Files\Intel\Shared Libraries\redist\intel64\compiler;C:\Windows\system32;C:\Windows;C:\Windows\System32\Wbem;C:\Windows\System32\WindowsPowerShell\v1.0\;C:\Windows\System32\OpenSSH\;C:\Program Files\Git\cmd;C:\Program Files (x86)\NVIDIA Corporation\PhysX\Common;C:\Program Files\NVIDIA Corporation\NVIDIA NvDLISR;C:\Program Files\nodejs\;C:\ProgramData\chocolatey\bin;C:\Program Files\dotnet\;C:\Users\trent\AppData\Local\Microsoft\WindowsApps;;C:\Users\trent\AppData\Local\Programs\Microsoft VS Code\bin;C:\Users\trent\AppData\Roaming\npm;C:\Program Files\JetBrains\IntelliJ IDEA Community Edition 2021.2.1\bin;
USERNAME=trent
OS=Windows_NT
PROCESSOR_IDENTIFIER=AMD64 Family 23 Model 1 Stepping 1, AuthenticAMD



---------------  S Y S T E M  ---------------

OS: Windows 10 , 64 bit Build 19041 (10.0.19041.1151)
OS uptime: 0 days 0:08 hours

CPU:total 12 (initial active 12) (12 cores per cpu, 2 threads per core) family 23 model 1 stepping 1 microcode 0x0, cmov, cx8, fxsr, mmx, sse, sse2, sse3, ssse3, sse4.1, sse4.2, popcnt, avx, avx2, aes, clmul, mmxext, 3dnowpref, lzcnt, sse4a, ht, tsc, tscinvbit, tscinv, bmi1, bmi2, adx, sha, fma

Memory: 4k page, system-wide physical 16335M (11436M free)
TotalPageFile size 21455M (AvailPageFile size 14185M)
current process WorkingSet (physical memory assigned to process): 209M, peak: 209M
current process commit charge ("private bytes"): 415M, peak: 415M

vm_info: OpenJDK 64-Bit Server VM (11.0.12+7-LTS) for windows-amd64 JRE (11.0.12+7-LTS), built on Jul 13 2021 17:58:36 by "Administrator" with unknown MS VC++:1916

END.
